<?xml version="1.0" encoding="UTF-8" ?>
<testsuite errors="0" failures="0" hostname="M3056" name="com.multicampus.biz.junit3.AllTests" skipped="0" tests="3" time="0.059" timestamp="2020-10-20T06:28:19">
  <properties>
[...]
</properties>
  <testcase classname="com.multicampus.biz.junit3.MyCalcTest" name="testMinus" time="0.002" />
  <testcase classname="com.multicampus.biz.junit3.MyCalcTest" name="testPlus" time="0.001" />
  <testcase classname="com.multicampus.biz.junit3.UserServiceTest" name="testGetUser" time="0.045" />
  <system-out><![CDATA[---> setUp() 호출
===> testMinus() 호출
---> tearDown() 호출
---> setUp() 호출
===> testPlus() 호출
---> tearDown() 호출
===> JDBC 기반으로 getUser() 기능 처리
]]></system-out>
  <system-err><![CDATA[]]></system-err>
</testsuite>
